<?xml version="1.0" encoding="UTF-8"?>
<!-- Generated by org.testng.reporters.JUnitXMLReporter -->
<testsuite ignored="0" hostname="DESKTOP-TJPV3C5" failures="0" tests="3" name="Surefire test" time="28.01" errors="0" timestamp="2023-07-16T14:19:09 IDT">
  <testcase classname="com.qacart.todo.testcases.LoginTest" name="shouldBeAbleToLoginWithEmailAndPassword" time="5.391"/>
  <testcase classname="com.qacart.todo.testcases.ToDoTest" name="ShouldBeAbleToAddNewToDo" time="10.197"/>
  <testcase classname="com.qacart.todo.testcases.ToDoTest" name="shouldBeAbleToDeleteToDo" time="14.064"/>
</testsuite> <!-- Surefire test -->
