<?xml version="1.0" encoding="UTF-8"?>
<testsuite xmlns:xsi="http://www.w3.org/2001/XMLSchema-instance" xsi:noNamespaceSchemaLocation="https://maven.apache.org/surefire/maven-surefire-plugin/xsd/surefire-test-report-3.0.xsd" version="3.0" name="TestSuite" time="28.621" tests="3" errors="0" skipped="0" failures="0">
  <properties>
[...]
</properties>
  <testcase name="shouldBeAbleToLoginWithEmailAndPassword" classname="com.qacart.todo.testcases.LoginTest" time="5.395">
    <system-out><![CDATA[Request method:	POST
Request URI:	https://todo.qacart.com/api/v1/users/register
Proxy:			<none>
Request params:	<none>
Query params:	<none>
Form params:	<none>
Path params:	<none>
Headers:		Accept=*/*
				Content-Type=application/json
Cookies:		<none>
Multiparts:		<none>
Body:
{
    "email": "chase.romaguera@yahoo.com",
    "password": "2m0xeo9z",
    "firstName": "Berry",
    "lastName": "Pfannerstill"
}
HTTP/1.1 201 Created
Server: Cowboy
Connection: keep-alive
X-Powered-By: Express
Access-Control-Allow-Origin: *
Set-Cookie: access_token=eyJhbGciOiJIUzI1NiIsInR5cCI6IkpXVCJ9.eyJpZCI6IjY0YjNkMjE0ZmIyMmFiMDAxNDM3ODBmNCIsImZpcnN0TmFtZSI6IkJlcnJ5IiwibGFzdE5hbWUiOiJQZmFubmVyc3RpbGwiLCJpYXQiOjE2ODk1MDYzMjR9.irR8ADMCwDdUnx5YEcGil8IDSARjb8ecyp3KHUIFdmA; Path=/
Set-Cookie: userID=j%3A%2264b3d214fb22ab00143780f4%22; Path=/
Set-Cookie: firstName=Berry; Path=/
Content-Type: application/json; charset=utf-8
Content-Length: 284
Etag: W/"11c-usOGzdcEErXDm6RW8NG1yJ2MGQ8"
Date: Sun, 16 Jul 2023 11:18:44 GMT
Via: 1.1 vegur

{
    "access_token": "eyJhbGciOiJIUzI1NiIsInR5cCI6IkpXVCJ9.eyJpZCI6IjY0YjNkMjE0ZmIyMmFiMDAxNDM3ODBmNCIsImZpcnN0TmFtZSI6IkJlcnJ5IiwibGFzdE5hbWUiOiJQZmFubmVyc3RpbGwiLCJpYXQiOjE2ODk1MDYzMjR9.irR8ADMCwDdUnx5YEcGil8IDSARjb8ecyp3KHUIFdmA",
    "userID": "64b3d214fb22ab00143780f4",
    "firstName": "Berry"
}
]]></system-out>
    <system-err><![CDATA[SLF4J: No SLF4J providers were found.
SLF4J: Defaulting to no-operation (NOP) logger implementation
SLF4J: See https://www.slf4j.org/codes.html#noProviders for further details.
Jul 16, 2023 2:18:41 PM org.openqa.selenium.remote.service.DriverService$Builder getLogOutput
INFO: Driver logs no longer sent to console by default; https://www.selenium.dev/documentation/webdriver/drivers/service/#setting-log-output
Jul 16, 2023 2:18:41 PM org.openqa.selenium.remote.service.DriverService$Builder getLogOutput
INFO: Driver logs no longer sent to console by default; https://www.selenium.dev/documentation/webdriver/drivers/service/#setting-log-output
]]></system-err>
  </testcase>
  <testcase name="ShouldBeAbleToAddNewToDo" classname="com.qacart.todo.testcases.ToDoTest" time="10.194"/>
  <testcase name="shouldBeAbleToDeleteToDo" classname="com.qacart.todo.testcases.ToDoTest" time="14.064">
    <system-out><![CDATA[Request method:	POST
Request URI:	https://todo.qacart.com/api/v1/users/register
Proxy:			<none>
Request params:	<none>
Query params:	<none>
Form params:	<none>
Path params:	<none>
Headers:		Accept=*/*
				Content-Type=application/json
Cookies:		<none>
Multiparts:		<none>
Body:
{
    "email": "ronnie.buckridge@gmail.com",
    "password": "8voisth3z",
    "firstName": "Talisha",
    "lastName": "Wiza"
}
HTTP/1.1 201 Created
Server: Cowboy
Connection: keep-alive
X-Powered-By: Express
Access-Control-Allow-Origin: *
Set-Cookie: access_token=eyJhbGciOiJIUzI1NiIsInR5cCI6IkpXVCJ9.eyJpZCI6IjY0YjNkMjFkZmIyMmFiMDAxNDM3ODBmYyIsImZpcnN0TmFtZSI6IlRhbGlzaGEiLCJsYXN0TmFtZSI6IldpemEiLCJpYXQiOjE2ODk1MDYzMzN9.7k7NIhqA7cYpm9qGJ1pVa8H4x2Z0_j0EVvxx1IcJLmU; Path=/
Set-Cookie: userID=j%3A%2264b3d21dfb22ab00143780fc%22; Path=/
Set-Cookie: firstName=Talisha; Path=/
Content-Type: application/json; charset=utf-8
Content-Length: 278
Etag: W/"116-/RPIBBJ4TCe0vJK2cmUEtSeiqYQ"
Date: Sun, 16 Jul 2023 11:18:53 GMT
Via: 1.1 vegur

{
    "access_token": "eyJhbGciOiJIUzI1NiIsInR5cCI6IkpXVCJ9.eyJpZCI6IjY0YjNkMjFkZmIyMmFiMDAxNDM3ODBmYyIsImZpcnN0TmFtZSI6IlRhbGlzaGEiLCJsYXN0TmFtZSI6IldpemEiLCJpYXQiOjE2ODk1MDYzMzN9.7k7NIhqA7cYpm9qGJ1pVa8H4x2Z0_j0EVvxx1IcJLmU",
    "userID": "64b3d21dfb22ab00143780fc",
    "firstName": "Talisha"
}
HTTP/1.1 201 Created
Server: Cowboy
Connection: keep-alive
X-Powered-By: Express
Access-Control-Allow-Origin: *
Content-Type: application/json; charset=utf-8
Content-Length: 161
Etag: W/"a1-Y3Ta2HZzEbphH9uxaP07T3PPMIo"
Date: Sun, 16 Jul 2023 11:18:55 GMT
Via: 1.1 vegur

{
    "isCompleted": false,
    "_id": "64b3d21ffb22ab00143780fe",
    "item": "learn selenium",
    "userID": "64b3d21dfb22ab00143780fc",
    "createdAt": "2023-07-16T11:18:55.190Z",
    "__v": 0
}
]]></system-out>
    <system-err><![CDATA[Jul 16, 2023 2:18:54 PM org.openqa.selenium.remote.service.DriverService$Builder getLogOutput
INFO: Driver logs no longer sent to console by default; https://www.selenium.dev/documentation/webdriver/drivers/service/#setting-log-output
]]></system-err>
  </testcase>
</testsuite>