<?xml version="1.0" encoding="UTF-8"?>
<testng-results ignored="0" total="3" passed="3" failed="0" skipped="0">
  <reporter-output>
  </reporter-output>
  <suite started-at="2023-07-16T14:18:41 IDT" name="Surefire suite" finished-at="2023-07-16T14:19:09 IDT" duration-ms="28010">
    <groups>
    </groups>
    <test started-at="2023-07-16T14:18:41 IDT" name="Surefire test" finished-at="2023-07-16T14:19:09 IDT" duration-ms="28010">
      <class name="com.qacart.todo.testcases.LoginTest">
        <test-method is-config="true" signature="setup()[pri:0, instance:com.qacart.todo.testcases.LoginTest@7526515b]" started-at="2023-07-16T14:18:41 IDT" name="setup" finished-at="2023-07-16T14:18:43 IDT" duration-ms="2326" status="PASS">
          <reporter-output>
          </reporter-output>
        </test-method> <!-- setup -->
        <test-method signature="shouldBeAbleToLoginWithEmailAndPassword()[pri:0, instance:com.qacart.todo.testcases.LoginTest@7526515b]" started-at="2023-07-16T14:18:43 IDT" name="shouldBeAbleToLoginWithEmailAndPassword" description="Test the login functionality with email and password" finished-at="2023-07-16T14:18:49 IDT" duration-ms="5391" status="PASS">
          <reporter-output>
          </reporter-output>
        </test-method> <!-- shouldBeAbleToLoginWithEmailAndPassword -->
        <test-method is-config="true" signature="Teardown(org.testng.ITestResult)[pri:0, instance:com.qacart.todo.testcases.LoginTest@7526515b]" started-at="2023-07-16T14:18:49 IDT" name="Teardown" finished-at="2023-07-16T14:18:49 IDT" duration-ms="221" status="PASS">
          <params>
            <param index="0">
              <value>
                <![CDATA[[TestResult name=shouldBeAbleToLoginWithEmailAndPassword status=SUCCESS method=LoginTest.shouldBeAbleToLoginWithEmailAndPassword()[pri:0, instance:com.qacart.todo.testcases.LoginTest@7526515b] output={null}]]]>
              </value>
            </param>
          </params>
          <reporter-output>
          </reporter-output>
        </test-method> <!-- Teardown -->
      </class> <!-- com.qacart.todo.testcases.LoginTest -->
      <class name="com.qacart.todo.testcases.ToDoTest">
        <test-method is-config="true" signature="setup()[pri:0, instance:com.qacart.todo.testcases.ToDoTest@1ed4ae0f]" started-at="2023-07-16T14:18:41 IDT" name="setup" finished-at="2023-07-16T14:18:43 IDT" duration-ms="2326" status="PASS">
          <reporter-output>
          </reporter-output>
        </test-method> <!-- setup -->
        <test-method signature="ShouldBeAbleToAddNewToDo()[pri:0, instance:com.qacart.todo.testcases.ToDoTest@1ed4ae0f]" started-at="2023-07-16T14:18:43 IDT" name="ShouldBeAbleToAddNewToDo" description="Should be able to add new todo" finished-at="2023-07-16T14:18:54 IDT" duration-ms="10197" status="PASS">
          <reporter-output>
          </reporter-output>
        </test-method> <!-- ShouldBeAbleToAddNewToDo -->
        <test-method is-config="true" signature="Teardown(org.testng.ITestResult)[pri:0, instance:com.qacart.todo.testcases.ToDoTest@1ed4ae0f]" started-at="2023-07-16T14:18:54 IDT" name="Teardown" finished-at="2023-07-16T14:18:54 IDT" duration-ms="233" status="PASS">
          <params>
            <param index="0">
              <value>
                <![CDATA[[TestResult name=ShouldBeAbleToAddNewToDo status=SUCCESS method=ToDoTest.ShouldBeAbleToAddNewToDo()[pri:0, instance:com.qacart.todo.testcases.ToDoTest@1ed4ae0f] output={null}]]]>
              </value>
            </param>
          </params>
          <reporter-output>
          </reporter-output>
        </test-method> <!-- Teardown -->
        <test-method is-config="true" signature="setup()[pri:0, instance:com.qacart.todo.testcases.ToDoTest@1ed4ae0f]" started-at="2023-07-16T14:18:54 IDT" name="setup" finished-at="2023-07-16T14:18:55 IDT" duration-ms="760" status="PASS">
          <reporter-output>
          </reporter-output>
        </test-method> <!-- setup -->
        <test-method signature="shouldBeAbleToDeleteToDo()[pri:0, instance:com.qacart.todo.testcases.ToDoTest@1ed4ae0f]" started-at="2023-07-16T14:18:55 IDT" name="shouldBeAbleToDeleteToDo" description="should be able to delete todo" finished-at="2023-07-16T14:19:09 IDT" duration-ms="14064" status="PASS">
          <reporter-output>
          </reporter-output>
        </test-method> <!-- shouldBeAbleToDeleteToDo -->
        <test-method is-config="true" signature="Teardown(org.testng.ITestResult)[pri:0, instance:com.qacart.todo.testcases.ToDoTest@1ed4ae0f]" started-at="2023-07-16T14:19:09 IDT" name="Teardown" finished-at="2023-07-16T14:19:09 IDT" duration-ms="297" status="PASS">
          <params>
            <param index="0">
              <value>
                <![CDATA[[TestResult name=shouldBeAbleToDeleteToDo status=SUCCESS method=ToDoTest.shouldBeAbleToDeleteToDo()[pri:0, instance:com.qacart.todo.testcases.ToDoTest@1ed4ae0f] output={null}]]]>
              </value>
            </param>
          </params>
          <reporter-output>
          </reporter-output>
        </test-method> <!-- Teardown -->
      </class> <!-- com.qacart.todo.testcases.ToDoTest -->
    </test> <!-- Surefire test -->
  </suite> <!-- Surefire suite -->
</testng-results>
